ninja: Entering directory `/home/dpnums/openssl_plugin/android/.cxx/cmake/debug/armeabi-v7a'
[1/2] Linking CXX shared library /home/dpnums/openssl_plugin/example/build/openssl_plugin/intermediates/cmake/debug/obj/armeabi-v7a/libnative-lib.so
FAILED: /home/dpnums/openssl_plugin/example/build/openssl_plugin/intermediates/cmake/debug/obj/armeabi-v7a/libnative-lib.so 
: && /home/dpnums/Android/Sdk/ndk/21.1.6352462/toolchains/llvm/prebuilt/linux-x86_64/bin/clang++ --target=armv7-none-linux-androideabi16 --gcc-toolchain=/home/dpnums/Android/Sdk/ndk/21.1.6352462/toolchains/llvm/prebuilt/linux-x86_64 --sysroot=/home/dpnums/Android/Sdk/ndk/21.1.6352462/toolchains/llvm/prebuilt/linux-x86_64/sysroot -fPIC -g -DANDROID -fdata-sections -ffunction-sections -funwind-tables -fstack-protector-strong -no-canonical-prefixes -D_FORTIFY_SOURCE=2 -march=armv7-a -mthumb -Wformat -Werror=format-security   -O0 -fno-limit-debug-info  -Wl,--exclude-libs,libgcc.a -Wl,--exclude-libs,libgcc_real.a -Wl,--exclude-libs,libatomic.a -Wl,--build-id -Wl,--fatal-warnings -Wl,--exclude-libs,libunwind.a -Wl,--no-undefined -Qunused-arguments -shared -Wl,-soname,libnative-lib.so -o /home/dpnums/openssl_plugin/example/build/openssl_plugin/intermediates/cmake/debug/obj/armeabi-v7a/libnative-lib.so CMakeFiles/native-lib.dir/src/main/cpp/native-lib.cpp.o  -latomic -lm && :
../../../../src/main/cpp/native-lib.cpp:34: error: undefined reference to 'envelope::envelope()'
../../../../src/main/cpp/native-lib.cpp:35: error: undefined reference to 'envelope::generateRsaKeypair()'
../../../../src/main/cpp/native-lib.cpp:65: error: undefined reference to 'envelope::~envelope()'
../../../../src/main/cpp/native-lib.cpp:55: error: undefined reference to 'envelope::writeKeyToFile(__sFILE*, int)'
../../../../src/main/cpp/native-lib.cpp:56: error: undefined reference to 'envelope::writeKeyToFile(__sFILE*, int)'
../../../../src/main/cpp/native-lib.cpp:65: error: undefined reference to 'envelope::~envelope()'
clang++: error: linker command failed with exit code 1 (use -v to see invocation)
ninja: build stopped: subcommand failed.
